<?xml version="1.0" encoding="UTF-8"?>
<!-- Generated by org.testng.reporters.JUnitReportReporter -->
<testsuite hostname="DESKTOP-QHVQP94" failures="0" tests="4" name="com.flightbooking.tests.AuthenticationTest" time="6.495" errors="0" timestamp="2025-08-13T11:49:20 IST" skipped="0">
  <testcase classname="com.flightbooking.tests.AuthenticationTest" name="testValidTokenGeneration" time="5.467"/>
  <testcase classname="com.flightbooking.tests.AuthenticationTest" name="testInvalidClientId" time="0.361"/>
  <testcase classname="com.flightbooking.tests.AuthenticationTest" name="testInvalidClientSecret" time="0.323"/>
  <testcase classname="com.flightbooking.tests.AuthenticationTest" name="testTokenGenerationViaUtils" time="0.344"/>
</testsuite> <!-- com.flightbooking.tests.AuthenticationTest -->
